Run started on Tue Apr  4 01:05:42 2023

Hostname: csx2.cs.ucalgary.ca

-------------------------------------------------------------------------------
Running make |
--------------

% /usr/bin/make

STDOUT:
make: 'golf' is up to date.


STDERR:


RETURN CODE: 0

-------------------------------------------------------------------------------
Locating GoLF compiler |
------------------------

Compiler will be run as ./golf

-------------------------------------------------------------------------------
Test: too few arguments |
-------------------------

% ./golf

STDOUT:


STDERR:
Error: Too Few Arguments in Program, The correct way to run the program is:
 ./golf gen.t1
 Exiting Program


RETURN CODE: 1

-------------------------------------------------------------------------------
Test: too many arguments |
--------------------------

% ./golf /dev/null /dev/zero

STDOUT:


STDERR:
Error: Too Many Arguments in Program, The correct way to run the program is:
 ./golf gen.t1
 Exiting Program


RETURN CODE: 1

-------------------------------------------------------------------------------
Test: nonexistent file |
------------------------

% ./golf /i/do/not/exist

STDOUT:


STDERR:
Error: Bad File Name '/i/do/not/exist', The correct way to run the program is: 
 ./golf gen.t1
 Exiting Program


RETURN CODE: 1

-------------------------------------------------------------------------------
Test: hello, world |
--------------------

% ./golf /home/profs/aycock/411/TEST/final/gen.t1 > out.c

STDERR:


RETURN CODE: 0

% /usr/bin/gcc -Wall -o ./a.out out.c

STDOUT:


STDERR:


RETURN CODE: 0

% ./a.out

STDOUT:
Hello, world!


STDERR:


RETURN CODE: 0

-------------------------------------------------------------------------------
Test: var init in loop block |
------------------------------

% ./golf /home/profs/aycock/411/TEST/final/gen.t2 > out.c

STDERR:


RETURN CODE: 0

% /usr/bin/gcc -Wall -o ./a.out out.c

STDOUT:


STDERR:


RETURN CODE: 0

% ./a.out

STDOUT:
start of loop
0
start of loop
0
start of loop
0
start of loop
0
4


STDERR:


RETURN CODE: 0

-------------------------------------------------------------------------------
Test: zero values |
-------------------

% ./golf /home/profs/aycock/411/TEST/final/gen.t3 > out.c

STDERR:


RETURN CODE: 0

% /usr/bin/gcc -Wall -o ./a.out out.c

STDOUT:


STDERR:


RETURN CODE: 0

% ./a.out

STDOUT:
global zero values: 
false
0

local zero values: 
false
0

local zero values: 
false
0

sub-block zero values: 
false
0

sub-block zero values: 
false
0

post-sub-block zero values: 
true
123
garble


STDERR:


RETURN CODE: 0

-------------------------------------------------------------------------------
Test: nested function calls |
-----------------------------

% ./golf /home/profs/aycock/411/TEST/final/gen.t4 > out.c

STDERR:


RETURN CODE: 0

% /usr/bin/gcc -Wall -o ./a.out out.c

STDOUT:


STDERR:


RETURN CODE: 0

% ./a.out

STDOUT:
3628800


STDERR:


RETURN CODE: 0

-------------------------------------------------------------------------------
Test: recursive Fibonacci |
---------------------------

% ./golf /home/profs/aycock/411/TEST/final/gen.t5 > out.c

STDERR:


RETURN CODE: 0

% /usr/bin/gcc -Wall -o ./a.out out.c

STDOUT:


STDERR:


RETURN CODE: 0

% ./a.out

STDOUT:
fib(0) = 0
fib(1) = 1
fib(2) = 1
fib(3) = 2
fib(4) = 3
fib(5) = 5
fib(6) = 8
fib(7) = 13
fib(8) = 21
fib(9) = 34
fib(10) = 55
fib(11) = 89
fib(12) = 144
fib(13) = 233
fib(14) = 377
fib(15) = 610
fib(16) = 987
fib(17) = 1597
fib(18) = 2584
fib(19) = 4181
fib(20) = 6765
fib(21) = 10946
fib(22) = 17711
fib(23) = 28657


STDERR:


RETURN CODE: 0

-------------------------------------------------------------------------------
Test: iterative Fibonacci |
---------------------------

% ./golf /home/profs/aycock/411/TEST/final/gen.t6 > out.c

STDERR:


RETURN CODE: 0

% /usr/bin/gcc -Wall -o ./a.out out.c

STDOUT:


STDERR:


RETURN CODE: 0

% ./a.out

STDOUT:
fib(0) = 0
fib(1) = 1
fib(2) = 1
fib(3) = 2
fib(4) = 3
fib(5) = 5
fib(6) = 8
fib(7) = 13
fib(8) = 21
fib(9) = 34
fib(10) = 55
fib(11) = 89
fib(12) = 144
fib(13) = 233
fib(14) = 377
fib(15) = 610
fib(16) = 987
fib(17) = 1597
fib(18) = 2584
fib(19) = 4181
fib(20) = 6765
fib(21) = 10946
fib(22) = 17711
fib(23) = 28657
fib(24) = 46368
fib(25) = 75025
fib(26) = 121393
fib(27) = 196418
fib(28) = 317811
fib(29) = 514229
fib(30) = 832040
fib(31) = 1346269
fib(32) = 2178309
fib(33) = 3524578
fib(34) = 5702887
fib(35) = 9227465
fib(36) = 14930352
fib(37) = 24157817
fib(38) = 39088169
fib(39) = 63245986
fib(40) = 102334155
fib(41) = 165580141
fib(42) = 267914296
fib(43) = 433494437
fib(44) = 701408733
fib(45) = 1134903170
fib(46) = 1836311903


STDERR:


RETURN CODE: 0

-------------------------------------------------------------------------------
Test: string reversal |
-----------------------

% ./golf /home/profs/aycock/411/TEST/final/gen.t7 > out.c

STDERR:


RETURN CODE: 0

% /usr/bin/gcc -Wall -o ./a.out out.c

STDOUT:


STDERR:


RETURN CODE: 0

% ./a.out < /home/profs/aycock/411/TEST/final/input/gen.t7.in

STDIN:
A man, a plan, a canal: Panama.


STDOUT:
.amanaP :lanac a ,nalp a ,nam A

STDERR:


RETURN CODE: 0

-------------------------------------------------------------------------------
Test: hunting minint |
----------------------

% ./golf /home/profs/aycock/411/TEST/final/gen.t8 > out.c

STDERR:


RETURN CODE: 0

% /usr/bin/gcc -Wall -o ./a.out out.c

STDOUT:


STDERR:


RETURN CODE: 0

% ./a.out

STDOUT:
minint is -2147483648


STDERR:


RETURN CODE: 0

-------------------------------------------------------------------------------
Test: negating minint |
-----------------------

% ./golf /home/profs/aycock/411/TEST/final/gen.t9 > out.c

STDERR:


RETURN CODE: 0

% /usr/bin/gcc -Wall -o ./a.out out.c

STDOUT:


STDERR:


RETURN CODE: 0

% ./a.out

STDOUT:
-123
-2147483648
-2147483648
-2147483648


STDERR:


RETURN CODE: 0

-------------------------------------------------------------------------------
Test: minint div and mod |
--------------------------

% ./golf /home/profs/aycock/411/TEST/final/gen.t10 > out.c

STDERR:


RETURN CODE: 0

% /usr/bin/gcc -Wall -o ./a.out out.c

STDOUT:


STDERR:


RETURN CODE: 0

% ./a.out

STDOUT:
-2147483648
0


STDERR:


RETURN CODE: 0

-------------------------------------------------------------------------------
Test: division by zero |
------------------------

% ./golf /home/profs/aycock/411/TEST/final/gen.t11 > out.c

STDERR:


RETURN CODE: 0

% /usr/bin/gcc -Wall -o ./a.out out.c

STDOUT:


STDERR:


RETURN CODE: 0

% ./a.out

STDOUT:


STDERR:
error: division by zero


RETURN CODE: 1

-------------------------------------------------------------------------------
Test: basic Booleans |
----------------------

% ./golf /home/profs/aycock/411/TEST/final/gen.t12 > out.c

STDERR:


RETURN CODE: 0

% /usr/bin/gcc -Wall -o ./a.out out.c

STDOUT:


STDERR:


RETURN CODE: 0

% ./a.out

STDOUT:
OK


STDERR:


RETURN CODE: 0

-------------------------------------------------------------------------------
Test: string escapes |
----------------------

% ./golf /home/profs/aycock/411/TEST/final/gen.t13 > out.c

STDERR:


RETURN CODE: 0

% /usr/bin/gcc -Wall -o ./a.out out.c

STDOUT:


STDERR:


RETURN CODE: 0

% ./a.out

STDOUT:
backslash b = []
backslash t = [	]
backslash n = [
]
backslash f = []
backslash r = []
backslash quote = ["]
backslash backslash = [\]


STDERR:


RETURN CODE: 0

-------------------------------------------------------------------------------
Test: all your base are belong to us |
--------------------------------------

% ./golf /home/profs/aycock/411/TEST/final/gen.t14 > out.c

STDERR:


RETURN CODE: 0

% /usr/bin/gcc -Wall -o ./a.out out.c

STDOUT:


STDERR:


RETURN CODE: 0

% ./a.out

STDOUT:
0 = 
	0 (base 2)
	0 (base 8)
	0 (base 10)
17 = 
	010001 (base 2)
	021 (base 8)
	017 (base 10)
42 = 
	0101010 (base 2)
	052 (base 8)
	042 (base 10)


STDERR:


RETURN CODE: 0

-------------------------------------------------------------------------------
Test: short-circuiting |
------------------------

% ./golf /home/profs/aycock/411/TEST/final/gen.t15 > out.c

STDERR:


RETURN CODE: 0

% /usr/bin/gcc -Wall -o ./a.out out.c

STDOUT:


STDERR:


RETURN CODE: 0

% ./a.out

STDOUT:
if ((A && B) || C) {...} else {...}, with A=false B=false C=false
evaluated A
evaluated C
else-part executed

if ((A && B) || C) {...} else {...}, with A=false B=false C=true
evaluated A
evaluated C
if-part executed

if ((A && B) || C) {...} else {...}, with A=false B=true C=false
evaluated A
evaluated C
else-part executed

if ((A && B) || C) {...} else {...}, with A=false B=true C=true
evaluated A
evaluated C
if-part executed

if ((A && B) || C) {...} else {...}, with A=true B=false C=false
evaluated A
evaluated B
evaluated C
else-part executed

if ((A && B) || C) {...} else {...}, with A=true B=false C=true
evaluated A
evaluated B
evaluated C
if-part executed

if ((A && B) || C) {...} else {...}, with A=true B=true C=false
evaluated A
evaluated B
if-part executed

if ((A && B) || C) {...} else {...}, with A=true B=true C=true
evaluated A
evaluated B
if-part executed

x = (A && !B) || C, with A=false B=false C=false
evaluated A
evaluated C
x=false

x = (A && !B) || C, with A=false B=false C=true
evaluated A
evaluated C
x=true

x = (A && !B) || C, with A=false B=true C=false
evaluated A
evaluated C
x=false

x = (A && !B) || C, with A=false B=true C=true
evaluated A
evaluated C
x=true

x = (A && !B) || C, with A=true B=false C=false
evaluated A
evaluated B
x=true

x = (A && !B) || C, with A=true B=false C=true
evaluated A
evaluated B
x=true

x = (A && !B) || C, with A=true B=true C=false
evaluated A
evaluated B
evaluated C
x=false

x = (A && !B) || C, with A=true B=true C=true
evaluated A
evaluated B
evaluated C
x=true


STDERR:


RETURN CODE: 0

-------------------------------------------------------------------------------
Test: dynamic semantic check |
------------------------------

% ./golf /home/profs/aycock/411/TEST/final/gen.t16 > out.c

STDERR:


RETURN CODE: 0

% /usr/bin/gcc -Wall -o ./a.out out.c

STDOUT:


STDERR:


RETURN CODE: 0

% ./a.out

STDOUT:


STDERR:
error: function "foo" must return a value


RETURN CODE: 1

-------------------------------------------------------------------------------
Test: less obvious division by zero |
-------------------------------------

% ./golf /home/profs/aycock/411/TEST/final/gen.t17 > out.c

STDERR:


RETURN CODE: 0

% /usr/bin/gcc -Wall -o ./a.out out.c

STDOUT:


STDERR:


RETURN CODE: 0

% ./a.out

STDOUT:


STDERR:
error: division by zero


RETURN CODE: 1

-------------------------------------------------------------------------------
Test: recursive-descent calculator |
------------------------------------

% ./golf /home/profs/aycock/411/TEST/final/gen.t18 > out.c

STDERR:


RETURN CODE: 0

% /usr/bin/gcc -Wall -o ./a.out out.c

STDOUT:


STDERR:


RETURN CODE: 0

% ./a.out < /home/profs/aycock/411/TEST/final/input/gen.t18.in

STDIN:
2 + 3 * 5
(2 + 3) * 5
(976 - -24 + 123 - 1000) * 100 + 45


STDOUT:
 = 17
 = 25
 = 12345


STDERR:


RETURN CODE: 0

-------------------------------------------------------------------------------
Test: string operations |
-------------------------

% ./golf /home/profs/aycock/411/TEST/final/gen.t19 > out.c

STDERR:


RETURN CODE: 0

% /usr/bin/gcc -Wall -o ./a.out out.c

STDOUT:


STDERR:


RETURN CODE: 0

% ./a.out

STDOUT:
zero value: len("") = 0, correct answer is 0
empty string: len("") = 0, correct answer is 0
var assigned empty string: len("") = 0, correct answer is 0
yawn: len("boring string") = 13, correct answer is 13
string with \n: len("Hello, world!
") = 14, correct answer is 14
silly string: len("\"escape th	n(") = 16, correct answer is 16
HEarth
Hello, world!
correct
correct
correct
correct
correct
correct
correct
correct
correct
correct
correct
correct


STDERR:


RETURN CODE: 0

-------------------------------------------------------------------------------
Test: redefining built-ins |
----------------------------

% ./golf /home/profs/aycock/411/TEST/final/gen.t20 > out.c

STDERR:


RETURN CODE: 0

% /usr/bin/gcc -Wall -o ./a.out out.c

STDOUT:


STDERR:


RETURN CODE: 0

% ./a.out

STDOUT:
5
garble
true
false
true
false
Why you'd want to do this, I have no idea...
untrue
true
42
IT CAN'T BE STOPPED!


STDERR:


RETURN CODE: 0

-------------------------------------------------------------------------------
Test: register blow-out |
-------------------------

% ./golf /home/profs/aycock/411/TEST/final/gen.t21 > out.c

STDERR:


RETURN CODE: 0

% /usr/bin/gcc -Wall -o ./a.out out.c

STDOUT:


STDERR:


RETURN CODE: 0

% ./a.out

STDOUT:
903

STDERR:


RETURN CODE: 0

-------------------------------------------------------------------------------
Test: nested "for" loops |
--------------------------

% ./golf /home/profs/aycock/411/TEST/final/gen.t22 > out.c

STDERR:


RETURN CODE: 0

% /usr/bin/gcc -Wall -o ./a.out out.c

STDOUT:


STDERR:


RETURN CODE: 0

% ./a.out

STDOUT:
0
100 101 102 103 104 105 
1
100 101 102 103 104 105 
2
100 101 102 103 104 105 
3
100 101 102 103 104 105 
4
100 101 102 103 104 105 
5
100 101 102 103 104 105 


STDERR:


RETURN CODE: 0

-------------------------------------------------------------------------------
Test: EOF and scope |
---------------------

% ./golf /home/profs/aycock/411/TEST/final/gen.t23 > out.c

STDERR:


RETURN CODE: 0

% /usr/bin/gcc -Wall -o ./a.out out.c

STDOUT:


STDERR:


RETURN CODE: 0

% ./a.out < /home/profs/aycock/411/TEST/final/input/gen.t23.in

STDIN:
The quick brown fox jumps over the lazy dog.


STDOUT:
The quick brown fox jumps over the lazy dog.

END


STDERR:


RETURN CODE: 0

-------------------------------------------------------------------------------
Test: banners |
---------------

% ./golf /home/profs/aycock/411/TEST/final/gen.t24 > out.c

STDERR:


RETURN CODE: 0

% /usr/bin/gcc -Wall -o ./a.out out.c

STDOUT:


STDERR:


RETURN CODE: 0

% ./a.out

STDOUT:
*******************
*                 *
*  Hello, world!  *
*                 *
*******************
******
*    *
*    *
*    *
******
**********
*        *
*  GoLF  *
*        *
**********
***************************
*                         *
*  Compiler Construction  *
*  CPSC 411               *
*                         *
***************************
***************************
*                         *
*  Computer Science       *
*  University of Calgary  *
*                         *
***************************


STDERR:


RETURN CODE: 0

-------------------------------------------------------------------------------
Test: div and mod table |
-------------------------

% ./golf /home/profs/aycock/411/TEST/final/gen.t25 > out.c

STDERR:


RETURN CODE: 0

% /usr/bin/gcc -Wall -o ./a.out out.c

STDOUT:


STDERR:


RETURN CODE: 0

% ./a.out

STDOUT:
x	y	x / y	x % y
5	3	1	2
-5	3	-1	-2
5	-3	-1	2
-5	-3	1	-2


STDERR:


RETURN CODE: 0

-------------------------------------------------------------------------------
Test: basic maze generation from Entombed (1982) |
--------------------------------------------------

% ./golf /home/profs/aycock/411/TEST/final/gen.entombed > out.c

STDERR:


RETURN CODE: 0

% /usr/bin/gcc -Wall -o ./a.out out.c

STDOUT:


STDERR:


RETURN CODE: 0

% ./a.out

STDOUT:
XXXXXXXXXX  XXXXXX    XXXXXX  XXXXXXXXXX
XXXXXX          XXXXXXXX          XXXXXX
XXXX    XXXX  XXXX    XXXX  XXXX    XXXX
XXXXXXXX      XX        XX      XXXXXXXX
XXXX  XX  XXXXXXXX    XXXXXXXX  XX  XXXX
XXXX  XX    XX            XX    XX  XXXX
XXXXXXXXXX  XX  XXXXXXXX  XX  XXXXXXXXXX
XXXX    XX  XX  XX    XX  XX  XX    XXXX
XXXX  XXXX  XX  XX    XX  XX  XXXX  XXXX
XXXX    XX  XX  XX    XX  XX  XX    XXXX
XXXXXXXXXX  XX  XX    XX  XX  XXXXXXXXXX
XXXX  XX    XX  XXXXXXXX  XX    XX  XXXX
XXXX  XX  XXXX  XX    XX  XXXX  XX  XXXX
XXXXXXXX  XX    XXXXXXXX    XX  XXXXXXXX
XXXX      XXXX    XXXX    XXXX      XXXX
XXXXXXXX  XX    XXXXXXXX    XX  XXXXXXXX
XXXXXX    XX  XXXX    XXXX  XX    XXXXXX
XXXX    XXXX    XX    XX    XXXX    XXXX
XXXXXXXXXX    XXXX    XXXX    XXXXXXXXXX
XXXX    XXXX    XX    XX    XXXX    XXXX
XXXX  XXXX    XXXXXXXXXXXX    XXXX  XXXX
XXXX    XX  XXXX        XXXX  XX    XXXX
XXXX  XXXX    XXXXXXXXXXXX    XXXX  XXXX
XXXXXXXX    XXXX        XXXX    XXXXXXXX
XXXX      XXXX    XXXX    XXXX      XXXX
XXXX  XXXX      XXXXXXXX      XXXX  XXXX
XXXXXXXX    XXXX        XXXX    XXXXXXXX
XXXXXX    XXXX    XXXX    XXXX    XXXXXX
XXXXXXXX        XXXXXXXX        XXXXXXXX
XXXXXX    XXXX  XX    XX  XXXX    XXXXXX
XXXX    XXXX    XX    XX    XXXX    XXXX
XXXX  XXXX    XXXXXXXXXXXX    XXXX  XXXX
XXXX    XX  XXXX        XXXX  XX    XXXX
XXXX  XXXX    XXXXXXXXXXXX    XXXX  XXXX
XXXXXXXX    XXXX        XXXX    XXXXXXXX
XXXX      XXXX    XXXX    XXXX      XXXX
XXXX  XXXX      XXXXXXXX      XXXX  XXXX
XXXXXXXX    XXXX        XXXX    XXXXXXXX
XXXXXX    XXXX    XXXX    XXXX    XXXXXX
XXXXXXXX        XXXXXXXX        XXXXXXXX


STDERR:


RETURN CODE: 0

-------------------------------------------------------------------------------
Test: the Game of Life |
------------------------

% ./golf /home/profs/aycock/411/TEST/final/gen.life > out.c

STDERR:


RETURN CODE: 0

% /usr/bin/gcc -Wall -o ./a.out out.c

STDOUT:


STDERR:


RETURN CODE: 0

% ./a.out

STDOUT:
Generation 1:
0 1 1 1 0 1 0 0 0 0 
0 0 0 0 0 0 1 0 0 0 
0 0 0 1 1 0 1 0 0 0 
0 1 0 1 0 0 1 0 0 0 
0 1 1 0 0 0 0 1 0 0 
0 0 0 0 1 0 0 1 0 0 
0 1 1 0 0 0 0 0 1 0 
0 1 0 0 1 0 0 0 0 0 
0 1 1 0 0 0 0 1 0 0 
0 1 1 0 1 0 0 0 1 0 
Generation 2:
0 0 1 0 0 0 0 0 0 0 
0 0 0 0 0 0 1 0 0 0 
0 0 1 1 1 0 1 1 0 0 
0 1 0 1 1 1 1 1 0 0 
0 1 1 1 0 0 1 1 0 0 
0 0 0 1 0 0 0 1 1 0 
0 1 1 1 0 0 0 0 0 0 
1 0 0 1 0 0 0 0 0 0 
1 0 0 0 0 0 0 0 0 0 
0 1 1 1 0 0 0 0 0 0 
Generation 3:
0 0 0 0 0 0 0 0 0 0 
0 0 1 0 0 1 1 1 0 0 
0 0 1 0 0 0 0 0 0 0 
0 1 0 0 0 0 0 0 1 0 
0 1 0 0 0 0 0 0 0 0 
0 0 0 0 1 0 1 1 1 0 
0 1 0 1 1 0 0 0 0 0 
1 0 0 1 0 0 0 0 0 0 
1 0 0 1 0 0 0 0 0 0 
0 1 1 0 0 0 0 0 0 0 
Generation 4:
0 0 0 0 0 0 1 0 0 0 
0 0 0 0 0 0 1 0 0 0 
0 1 1 0 0 0 1 1 0 0 
0 1 1 0 0 0 0 0 0 0 
0 0 0 0 0 0 0 0 1 0 
0 0 1 1 1 1 0 1 0 0 
0 0 1 1 1 1 0 1 0 0 
1 1 0 1 0 0 0 0 0 0 
1 0 0 1 0 0 0 0 0 0 
0 1 1 0 0 0 0 0 0 0 
Generation 5:
0 0 0 0 0 0 0 0 0 0 
0 0 0 0 0 1 1 0 0 0 
0 1 1 0 0 0 1 1 0 0 
0 1 1 0 0 0 0 1 0 0 
0 1 0 0 1 0 0 0 0 0 
0 0 1 0 0 1 0 1 1 0 
0 0 0 0 0 1 0 0 0 0 
1 1 0 0 0 0 0 0 0 0 
1 0 0 1 0 0 0 0 0 0 
0 1 1 0 0 0 0 0 0 0 
Generation 6:
0 0 0 0 0 0 0 0 0 0 
0 0 0 0 0 1 1 1 0 0 
0 1 1 0 0 1 0 1 0 0 
1 0 0 1 0 0 1 1 0 0 
0 1 0 1 0 0 1 1 1 0 
0 0 0 0 1 1 1 0 0 0 
0 1 0 0 0 0 1 0 0 0 
1 1 0 0 0 0 0 0 0 0 
1 0 0 0 0 0 0 0 0 0 
0 1 1 0 0 0 0 0 0 0 
Generation 7:
0 0 0 0 0 0 1 0 0 0 
0 0 0 0 0 1 0 1 0 0 
0 1 1 0 1 1 0 0 1 0 
1 0 0 1 1 1 0 0 0 0 
0 0 1 1 0 0 0 0 1 0 
0 0 1 0 1 0 0 0 0 0 
1 1 0 0 0 0 1 0 0 0 
1 1 0 0 0 0 0 0 0 0 
1 0 1 0 0 0 0 0 0 0 
0 1 0 0 0 0 0 0 0 0 
Generation 8:
0 0 0 0 0 0 1 0 0 0 
0 0 0 0 1 1 0 1 0 0 
0 1 1 0 0 0 0 0 0 0 
0 0 0 0 0 1 0 0 0 0 
0 1 1 0 0 1 0 0 0 0 
0 0 1 0 0 0 0 0 0 0 
1 0 1 0 0 0 0 0 0 0 
0 0 1 0 0 0 0 0 0 0 
1 0 1 0 0 0 0 0 0 0 
0 1 0 0 0 0 0 0 0 0 
Generation 9:
0 0 0 0 0 1 1 0 0 0 
0 0 0 0 0 1 1 0 0 0 
0 0 0 0 1 1 1 0 0 0 
0 0 0 0 0 0 0 0 0 0 
0 1 1 0 0 0 0 0 0 0 
0 0 1 1 0 0 0 0 0 0 
0 0 1 1 0 0 0 0 0 0 
0 0 1 1 0 0 0 0 0 0 
0 0 1 0 0 0 0 0 0 0 
0 1 0 0 0 0 0 0 0 0 
Generation 10:
0 0 0 0 0 1 1 0 0 0 
0 0 0 0 0 0 0 1 0 0 
0 0 0 0 1 0 1 0 0 0 
0 0 0 0 0 1 0 0 0 0 
0 1 1 1 0 0 0 0 0 0 
0 0 0 0 0 0 0 0 0 0 
0 1 0 0 1 0 0 0 0 0 
0 1 0 0 0 0 0 0 0 0 
0 1 1 1 0 0 0 0 0 0 
0 0 0 0 0 0 0 0 0 0 


STDERR:


RETURN CODE: 0

-------------------------------------------------------------------------------
Test: selection sort |
----------------------

% ./golf /home/profs/aycock/411/TEST/final/gen.select > out.c

STDERR:


RETURN CODE: 0

% /usr/bin/gcc -Wall -o ./a.out out.c

STDOUT:


STDERR:
out.c: In function ‘Xmain’:
out.c:91:8: warning: self-comparison always evaluates to false [-Wtautological-compare]
   91 | if(XA_1<XA_1){
      |        ^
out.c:143:8: warning: self-comparison always evaluates to false [-Wtautological-compare]
  143 | if(XA_2<XA_2){
      |        ^
out.c:195:8: warning: self-comparison always evaluates to false [-Wtautological-compare]
  195 | if(XA_3<XA_3){
      |        ^
out.c:247:8: warning: self-comparison always evaluates to false [-Wtautological-compare]
  247 | if(XA_4<XA_4){
      |        ^
out.c:299:8: warning: self-comparison always evaluates to false [-Wtautological-compare]
  299 | if(XA_5<XA_5){
      |        ^
out.c:351:8: warning: self-comparison always evaluates to false [-Wtautological-compare]
  351 | if(XA_6<XA_6){
      |        ^
out.c:403:8: warning: self-comparison always evaluates to false [-Wtautological-compare]
  403 | if(XA_7<XA_7){
      |        ^
out.c:455:8: warning: self-comparison always evaluates to false [-Wtautological-compare]
  455 | if(XA_8<XA_8){
      |        ^
out.c:507:8: warning: self-comparison always evaluates to false [-Wtautological-compare]
  507 | if(XA_9<XA_9){
      |        ^
out.c:559:9: warning: self-comparison always evaluates to false [-Wtautological-compare]
  559 | if(XA_10<XA_10){
      |         ^
out.c:611:9: warning: self-comparison always evaluates to false [-Wtautological-compare]
  611 | if(XA_11<XA_11){
      |         ^
out.c:663:9: warning: self-comparison always evaluates to false [-Wtautological-compare]
  663 | if(XA_12<XA_12){
      |         ^
out.c:715:9: warning: self-comparison always evaluates to false [-Wtautological-compare]
  715 | if(XA_13<XA_13){
      |         ^
out.c:767:9: warning: self-comparison always evaluates to false [-Wtautological-compare]
  767 | if(XA_14<XA_14){
      |         ^


RETURN CODE: 0

% ./a.out

STDOUT:
30 23 4 9 86 63 48 61 98 39 8 73 18 35 0 
0 23 4 9 86 63 48 61 98 39 8 73 18 35 30 
0 4 23 9 86 63 48 61 98 39 8 73 18 35 30 
0 4 8 9 86 63 48 61 98 39 23 73 18 35 30 
0 4 8 9 86 63 48 61 98 39 23 73 18 35 30 
0 4 8 9 18 63 48 61 98 39 23 73 86 35 30 
0 4 8 9 18 23 48 61 98 39 63 73 86 35 30 
0 4 8 9 18 23 30 61 98 39 63 73 86 35 48 
0 4 8 9 18 23 30 35 98 39 63 73 86 61 48 
0 4 8 9 18 23 30 35 39 98 63 73 86 61 48 
0 4 8 9 18 23 30 35 39 48 63 73 86 61 98 
0 4 8 9 18 23 30 35 39 48 61 73 86 63 98 
0 4 8 9 18 23 30 35 39 48 61 63 86 73 98 
0 4 8 9 18 23 30 35 39 48 61 63 73 86 98 
0 4 8 9 18 23 30 35 39 48 61 63 73 86 98 


STDERR:


RETURN CODE: 0

-------------------------------------------------------------------------------
Test: prime number sieve |
--------------------------

% ./golf /home/profs/aycock/411/TEST/final/gen.sieve > out.c

STDERR:


RETURN CODE: 0

% /usr/bin/gcc -Wall -o ./a.out out.c

STDOUT:


STDERR:


RETURN CODE: 0

% ./a.out

STDOUT:
2
3
5
7
11
13
17
19
23
29
31
37
41
43
47
53
59
61
67
71
73
79
83
89
97
25 prime numbers <= 100


STDERR:


RETURN CODE: 0

Run ended on Tue Apr  4 01:05:45 2023

